{"synthetic": false,
 "outputs":
 {"o": ["15900811590721118006"],
  "i": "2093725871794776872",
  "c": "18235023153720175653"},
 "log":
 [{"message":
   ".> LEAN_PATH=/Users/dc45624/Documents/GitHub/Formally-verifying-leetcode-solutions/leetcde_283_with_hax/proofs/lean/extraction/.lake/packages/Hax/hax-lib/proof-libs/lean/.lake/build/lib/lean:/Users/dc45624/Documents/GitHub/Formally-verifying-leetcode-solutions/leetcde_283_with_hax/proofs/lean/extraction/.lake/build/lib/lean /Users/dc45624/.elan/toolchains/leanprover--lean4---v4.23.0/bin/lean /Users/dc45624/Documents/GitHub/Formally-verifying-leetcode-solutions/leetcde_283_with_hax/proofs/lean/extraction/leetcde_283_with_hax.lean -o /Users/dc45624/Documents/GitHub/Formally-verifying-leetcode-solutions/leetcde_283_with_hax/proofs/lean/extraction/.lake/build/lib/lean/leetcde_283_with_hax.olean -i /Users/dc45624/Documents/GitHub/Formally-verifying-leetcode-solutions/leetcde_283_with_hax/proofs/lean/extraction/.lake/build/lib/lean/leetcde_283_with_hax.ilean -c /Users/dc45624/Documents/GitHub/Formally-verifying-leetcode-solutions/leetcde_283_with_hax/proofs/lean/extraction/.lake/build/ir/leetcde_283_with_hax.c --setup /Users/dc45624/Documents/GitHub/Formally-verifying-leetcode-solutions/leetcde_283_with_hax/proofs/lean/extraction/.lake/build/ir/leetcde_283_with_hax.setup.json --json",
   "level": "trace"}],
 "inputs":
 [["leetcde_283_with_hax:deps",
   [["deps",
     [["leetcde_283_with_hax/leetcde_283_with_hax:extraDep",
       [["@leetcde_283_with_hax:extraDep", "1723"]]],
      ["imports",
       [["Hax transitive imports (legacy)", "2044426910701710162"],
        ["Hax:importAllArts", "10991745492585230390"]]]]],
    ["libs",
     [["import dynlibs", "1723"],
      ["package external libraries", "1723"],
      ["module dynlibs", "1723"],
      ["module plugins", "1723"]]]]],
  ["Lean 4.23.0, commit 50aaf682e9b74ab92880292a25c68baa1cc81c87",
   "5786258275165720599"],
  ["/Users/dc45624/Documents/GitHub/Formally-verifying-leetcode-solutions/leetcde_283_with_hax/proofs/lean/extraction/leetcde_283_with_hax.lean",
   "13744988408945364497"],
  ["options", "1723"],
  ["Module.leanArgs: #[]", "1723"]],
 "depHash": "16564694632816537652"}